Built target ament_cmake_python_copy_minecraft_odometry
running egg_info
writing minecraft_odometry.egg-info/PKG-INFO
writing dependency_links to minecraft_odometry.egg-info/dependency_links.txt
writing top-level names to minecraft_odometry.egg-info/top_level.txt
reading manifest file 'minecraft_odometry.egg-info/SOURCES.txt'
writing manifest file 'minecraft_odometry.egg-info/SOURCES.txt'
Built target ament_cmake_python_build_minecraft_odometry_egg
-- Install configuration: ""
-- Up-to-date: /workspace/minecraft_ros2/install/minecraft_odometry/share/minecraft_odometry/environment/pythonpath.sh
-- Up-to-date: /workspace/minecraft_ros2/install/minecraft_odometry/share/minecraft_odometry/environment/pythonpath.dsv
-- Up-to-date: /workspace/minecraft_ros2/install/minecraft_odometry/local/lib/python3.10/dist-packages/minecraft_odometry-0.0.0-py3.10.egg-info
-- Installing: /workspace/minecraft_ros2/install/minecraft_odometry/local/lib/python3.10/dist-packages/minecraft_odometry-0.0.0-py3.10.egg-info/dependency_links.txt
-- Installing: /workspace/minecraft_ros2/install/minecraft_odometry/local/lib/python3.10/dist-packages/minecraft_odometry-0.0.0-py3.10.egg-info/PKG-INFO
-- Installing: /workspace/minecraft_ros2/install/minecraft_odometry/local/lib/python3.10/dist-packages/minecraft_odometry-0.0.0-py3.10.egg-info/top_level.txt
-- Installing: /workspace/minecraft_ros2/install/minecraft_odometry/local/lib/python3.10/dist-packages/minecraft_odometry-0.0.0-py3.10.egg-info/SOURCES.txt
-- Up-to-date: /workspace/minecraft_ros2/install/minecraft_odometry/local/lib/python3.10/dist-packages/minecraft_odometry
-- Up-to-date: /workspace/minecraft_ros2/install/minecraft_odometry/local/lib/python3.10/dist-packages/minecraft_odometry/sensor_synchronizer.py
-- Up-to-date: /workspace/minecraft_ros2/install/minecraft_odometry/local/lib/python3.10/dist-packages/minecraft_odometry/odometry_converter.py
-- Up-to-date: /workspace/minecraft_ros2/install/minecraft_odometry/local/lib/python3.10/dist-packages/minecraft_odometry/__init__.py
-- Up-to-date: /workspace/minecraft_ros2/install/minecraft_odometry/local/lib/python3.10/dist-packages/minecraft_odometry/dummy_imu_publisher.py
Listing '/workspace/minecraft_ros2/install/minecraft_odometry/local/lib/python3.10/dist-packages/minecraft_odometry'...
-- Up-to-date: /workspace/minecraft_ros2/install/minecraft_odometry/lib/minecraft_odometry/odometry_converter
-- Up-to-date: /workspace/minecraft_ros2/install/minecraft_odometry/lib/minecraft_odometry/sensor_synchronizer
-- Up-to-date: /workspace/minecraft_ros2/install/minecraft_odometry/share/minecraft_odometry//launch
-- Up-to-date: /workspace/minecraft_ros2/install/minecraft_odometry/share/minecraft_odometry//launch/cartographer_slam.launch.py
-- Up-to-date: /workspace/minecraft_ros2/install/minecraft_odometry/share/minecraft_odometry//config
-- Up-to-date: /workspace/minecraft_ros2/install/minecraft_odometry/share/minecraft_odometry//config/odometry_params.yaml
-- Installing: /workspace/minecraft_ros2/install/minecraft_odometry/share/minecraft_odometry//config/cartographer_3d.lua
-- Up-to-date: /workspace/minecraft_ros2/install/minecraft_odometry/share/ament_index/resource_index/package_run_dependencies/minecraft_odometry
-- Up-to-date: /workspace/minecraft_ros2/install/minecraft_odometry/share/ament_index/resource_index/parent_prefix_path/minecraft_odometry
-- Up-to-date: /workspace/minecraft_ros2/install/minecraft_odometry/share/minecraft_odometry/environment/ament_prefix_path.sh
-- Up-to-date: /workspace/minecraft_ros2/install/minecraft_odometry/share/minecraft_odometry/environment/ament_prefix_path.dsv
-- Up-to-date: /workspace/minecraft_ros2/install/minecraft_odometry/share/minecraft_odometry/environment/path.sh
-- Up-to-date: /workspace/minecraft_ros2/install/minecraft_odometry/share/minecraft_odometry/environment/path.dsv
-- Up-to-date: /workspace/minecraft_ros2/install/minecraft_odometry/share/minecraft_odometry/local_setup.bash
-- Up-to-date: /workspace/minecraft_ros2/install/minecraft_odometry/share/minecraft_odometry/local_setup.sh
-- Up-to-date: /workspace/minecraft_ros2/install/minecraft_odometry/share/minecraft_odometry/local_setup.zsh
-- Up-to-date: /workspace/minecraft_ros2/install/minecraft_odometry/share/minecraft_odometry/local_setup.dsv
-- Installing: /workspace/minecraft_ros2/install/minecraft_odometry/share/minecraft_odometry/package.dsv
-- Up-to-date: /workspace/minecraft_ros2/install/minecraft_odometry/share/ament_index/resource_index/packages/minecraft_odometry
-- Up-to-date: /workspace/minecraft_ros2/install/minecraft_odometry/share/minecraft_odometry/cmake/minecraft_odometryConfig.cmake
-- Up-to-date: /workspace/minecraft_ros2/install/minecraft_odometry/share/minecraft_odometry/cmake/minecraft_odometryConfig-version.cmake
-- Up-to-date: /workspace/minecraft_ros2/install/minecraft_odometry/share/minecraft_odometry/package.xml
