[0.049s] Invoking command in '/workspace/minecraft_ros2/build/minecraft_odometry': CMAKE_PREFIX_PATH=${CMAKE_PREFIX_PATH}:/workspace/ros2_java_ws/install/tf2_tools:/workspace/ros2_java_ws/install/examples_tf2_py:/workspace/ros2_java_ws/install/tf2_ros_py:/workspace/ros2_java_ws/install/sensor_msgs_py:/workspace/ros2_java_ws/install/ament_build_type_gradle:/opt/ros/humble /usr/bin/cmake --build /workspace/minecraft_ros2/build/minecraft_odometry -- -j12 -l12
[0.109s] -- Found ament_cmake: 1.3.12 (/opt/ros/humble/share/ament_cmake/cmake)
[0.369s] -- Found rclpy: 3.3.17 (/opt/ros/humble/share/rclpy/cmake)
[0.496s] -- Found ament_lint_auto: 0.12.14 (/opt/ros/humble/share/ament_lint_auto/cmake)
[0.757s] -- Configuring done
[0.762s] -- Generating done
[0.767s] -- Build files have been written to: /workspace/minecraft_ros2/build/minecraft_odometry
[0.891s] Built target ament_cmake_python_copy_minecraft_odometry
[1.295s] running egg_info
[1.297s] writing minecraft_odometry.egg-info/PKG-INFO
[1.297s] writing dependency_links to minecraft_odometry.egg-info/dependency_links.txt
[1.297s] writing top-level names to minecraft_odometry.egg-info/top_level.txt
[1.299s] reading manifest file 'minecraft_odometry.egg-info/SOURCES.txt'
[1.301s] writing manifest file 'minecraft_odometry.egg-info/SOURCES.txt'
[1.352s] Built target ament_cmake_python_build_minecraft_odometry_egg
[1.377s] Invoked command in '/workspace/minecraft_ros2/build/minecraft_odometry' returned '0': CMAKE_PREFIX_PATH=${CMAKE_PREFIX_PATH}:/workspace/ros2_java_ws/install/tf2_tools:/workspace/ros2_java_ws/install/examples_tf2_py:/workspace/ros2_java_ws/install/tf2_ros_py:/workspace/ros2_java_ws/install/sensor_msgs_py:/workspace/ros2_java_ws/install/ament_build_type_gradle:/opt/ros/humble /usr/bin/cmake --build /workspace/minecraft_ros2/build/minecraft_odometry -- -j12 -l12
[1.401s] Invoking command in '/workspace/minecraft_ros2/build/minecraft_odometry': CMAKE_PREFIX_PATH=${CMAKE_PREFIX_PATH}:/workspace/ros2_java_ws/install/tf2_tools:/workspace/ros2_java_ws/install/examples_tf2_py:/workspace/ros2_java_ws/install/tf2_ros_py:/workspace/ros2_java_ws/install/sensor_msgs_py:/workspace/ros2_java_ws/install/ament_build_type_gradle:/opt/ros/humble /usr/bin/cmake --install /workspace/minecraft_ros2/build/minecraft_odometry
[1.423s] -- Install configuration: ""
[1.423s] -- Up-to-date: /workspace/minecraft_ros2/install/minecraft_odometry/share/minecraft_odometry/environment/pythonpath.sh
[1.423s] -- Installing: /workspace/minecraft_ros2/install/minecraft_odometry/share/minecraft_odometry/environment/pythonpath.dsv
[1.423s] -- Up-to-date: /workspace/minecraft_ros2/install/minecraft_odometry/local/lib/python3.10/dist-packages/minecraft_odometry-0.0.0-py3.10.egg-info
[1.423s] -- Installing: /workspace/minecraft_ros2/install/minecraft_odometry/local/lib/python3.10/dist-packages/minecraft_odometry-0.0.0-py3.10.egg-info/dependency_links.txt
[1.423s] -- Installing: /workspace/minecraft_ros2/install/minecraft_odometry/local/lib/python3.10/dist-packages/minecraft_odometry-0.0.0-py3.10.egg-info/PKG-INFO
[1.423s] -- Installing: /workspace/minecraft_ros2/install/minecraft_odometry/local/lib/python3.10/dist-packages/minecraft_odometry-0.0.0-py3.10.egg-info/top_level.txt
[1.425s] -- Installing: /workspace/minecraft_ros2/install/minecraft_odometry/local/lib/python3.10/dist-packages/minecraft_odometry-0.0.0-py3.10.egg-info/SOURCES.txt
[1.425s] -- Up-to-date: /workspace/minecraft_ros2/install/minecraft_odometry/local/lib/python3.10/dist-packages/minecraft_odometry
[1.425s] -- Up-to-date: /workspace/minecraft_ros2/install/minecraft_odometry/local/lib/python3.10/dist-packages/minecraft_odometry/sensor_synchronizer.py
[1.425s] -- Up-to-date: /workspace/minecraft_ros2/install/minecraft_odometry/local/lib/python3.10/dist-packages/minecraft_odometry/odometry_converter.py
[1.425s] -- Up-to-date: /workspace/minecraft_ros2/install/minecraft_odometry/local/lib/python3.10/dist-packages/minecraft_odometry/__init__.py
[1.425s] -- Up-to-date: /workspace/minecraft_ros2/install/minecraft_odometry/local/lib/python3.10/dist-packages/minecraft_odometry/dummy_imu_publisher.py
[1.507s] Listing '/workspace/minecraft_ros2/install/minecraft_odometry/local/lib/python3.10/dist-packages/minecraft_odometry'...
[1.513s] -- Up-to-date: /workspace/minecraft_ros2/install/minecraft_odometry/lib/minecraft_odometry/odometry_converter
[1.513s] -- Installing: /workspace/minecraft_ros2/install/minecraft_odometry/lib/minecraft_odometry/sensor_synchronizer
[1.513s] -- Installing: /workspace/minecraft_ros2/install/minecraft_odometry/share/minecraft_odometry//launch
[1.514s] -- Installing: /workspace/minecraft_ros2/install/minecraft_odometry/share/minecraft_odometry//launch/cartographer_slam.launch.py
[1.515s] -- Installing: /workspace/minecraft_ros2/install/minecraft_odometry/share/minecraft_odometry//config
[1.515s] -- Installing: /workspace/minecraft_ros2/install/minecraft_odometry/share/minecraft_odometry//config/odometry_params.yaml
[1.515s] -- Installing: /workspace/minecraft_ros2/install/minecraft_odometry/share/minecraft_odometry//config/cartographer_3d.lua
[1.515s] -- Installing: /workspace/minecraft_ros2/install/minecraft_odometry/share/ament_index/resource_index/package_run_dependencies/minecraft_odometry
[1.515s] -- Installing: /workspace/minecraft_ros2/install/minecraft_odometry/share/ament_index/resource_index/parent_prefix_path/minecraft_odometry
[1.516s] -- Installing: /workspace/minecraft_ros2/install/minecraft_odometry/share/minecraft_odometry/environment/ament_prefix_path.sh
[1.516s] -- Installing: /workspace/minecraft_ros2/install/minecraft_odometry/share/minecraft_odometry/environment/ament_prefix_path.dsv
[1.516s] -- Installing: /workspace/minecraft_ros2/install/minecraft_odometry/share/minecraft_odometry/environment/path.sh
[1.516s] -- Installing: /workspace/minecraft_ros2/install/minecraft_odometry/share/minecraft_odometry/environment/path.dsv
[1.516s] -- Installing: /workspace/minecraft_ros2/install/minecraft_odometry/share/minecraft_odometry/local_setup.bash
[1.517s] -- Installing: /workspace/minecraft_ros2/install/minecraft_odometry/share/minecraft_odometry/local_setup.sh
[1.517s] -- Installing: /workspace/minecraft_ros2/install/minecraft_odometry/share/minecraft_odometry/local_setup.zsh
[1.517s] -- Installing: /workspace/minecraft_ros2/install/minecraft_odometry/share/minecraft_odometry/local_setup.dsv
[1.518s] -- Installing: /workspace/minecraft_ros2/install/minecraft_odometry/share/minecraft_odometry/package.dsv
[1.518s] -- Installing: /workspace/minecraft_ros2/install/minecraft_odometry/share/ament_index/resource_index/packages/minecraft_odometry
[1.518s] -- Installing: /workspace/minecraft_ros2/install/minecraft_odometry/share/minecraft_odometry/cmake/minecraft_odometryConfig.cmake
[1.518s] -- Installing: /workspace/minecraft_ros2/install/minecraft_odometry/share/minecraft_odometry/cmake/minecraft_odometryConfig-version.cmake
[1.518s] -- Installing: /workspace/minecraft_ros2/install/minecraft_odometry/share/minecraft_odometry/package.xml
[1.521s] Invoked command in '/workspace/minecraft_ros2/build/minecraft_odometry' returned '0': CMAKE_PREFIX_PATH=${CMAKE_PREFIX_PATH}:/workspace/ros2_java_ws/install/tf2_tools:/workspace/ros2_java_ws/install/examples_tf2_py:/workspace/ros2_java_ws/install/tf2_ros_py:/workspace/ros2_java_ws/install/sensor_msgs_py:/workspace/ros2_java_ws/install/ament_build_type_gradle:/opt/ros/humble /usr/bin/cmake --install /workspace/minecraft_ros2/build/minecraft_odometry
