[0.046s] Invoking command in '/workspace/minecraft_ros2/build/minecraft_odometry': CMAKE_PREFIX_PATH=${CMAKE_PREFIX_PATH}:/workspace/ros2_java_ws/install/tf2_tools:/workspace/ros2_java_ws/install/examples_tf2_py:/workspace/ros2_java_ws/install/tf2_ros_py:/workspace/ros2_java_ws/install/sensor_msgs_py:/workspace/ros2_java_ws/install/ament_build_type_gradle:/opt/ros/humble /usr/bin/cmake --build /workspace/minecraft_ros2/build/minecraft_odometry -- -j12 -l12
[0.300s] Built target ament_cmake_python_copy_minecraft_odometry
[0.716s] running egg_info
[0.717s] writing minecraft_odometry.egg-info/PKG-INFO
[0.718s] writing dependency_links to minecraft_odometry.egg-info/dependency_links.txt
[0.719s] writing top-level names to minecraft_odometry.egg-info/top_level.txt
[0.721s] reading manifest file 'minecraft_odometry.egg-info/SOURCES.txt'
[0.723s] writing manifest file 'minecraft_odometry.egg-info/SOURCES.txt'
[0.775s] Built target ament_cmake_python_build_minecraft_odometry_egg
[0.805s] Invoked command in '/workspace/minecraft_ros2/build/minecraft_odometry' returned '0': CMAKE_PREFIX_PATH=${CMAKE_PREFIX_PATH}:/workspace/ros2_java_ws/install/tf2_tools:/workspace/ros2_java_ws/install/examples_tf2_py:/workspace/ros2_java_ws/install/tf2_ros_py:/workspace/ros2_java_ws/install/sensor_msgs_py:/workspace/ros2_java_ws/install/ament_build_type_gradle:/opt/ros/humble /usr/bin/cmake --build /workspace/minecraft_ros2/build/minecraft_odometry -- -j12 -l12
[0.825s] Invoking command in '/workspace/minecraft_ros2/build/minecraft_odometry': CMAKE_PREFIX_PATH=${CMAKE_PREFIX_PATH}:/workspace/ros2_java_ws/install/tf2_tools:/workspace/ros2_java_ws/install/examples_tf2_py:/workspace/ros2_java_ws/install/tf2_ros_py:/workspace/ros2_java_ws/install/sensor_msgs_py:/workspace/ros2_java_ws/install/ament_build_type_gradle:/opt/ros/humble /usr/bin/cmake --install /workspace/minecraft_ros2/build/minecraft_odometry
[0.847s] -- Install configuration: ""
[0.847s] -- Up-to-date: /workspace/minecraft_ros2/install/minecraft_odometry/share/minecraft_odometry/environment/pythonpath.sh
[0.850s] -- Up-to-date: /workspace/minecraft_ros2/install/minecraft_odometry/share/minecraft_odometry/environment/pythonpath.dsv
[0.850s] -- Up-to-date: /workspace/minecraft_ros2/install/minecraft_odometry/local/lib/python3.10/dist-packages/minecraft_odometry-0.0.0-py3.10.egg-info
[0.850s] -- Installing: /workspace/minecraft_ros2/install/minecraft_odometry/local/lib/python3.10/dist-packages/minecraft_odometry-0.0.0-py3.10.egg-info/dependency_links.txt
[0.850s] -- Installing: /workspace/minecraft_ros2/install/minecraft_odometry/local/lib/python3.10/dist-packages/minecraft_odometry-0.0.0-py3.10.egg-info/PKG-INFO
[0.852s] -- Installing: /workspace/minecraft_ros2/install/minecraft_odometry/local/lib/python3.10/dist-packages/minecraft_odometry-0.0.0-py3.10.egg-info/top_level.txt
[0.852s] -- Installing: /workspace/minecraft_ros2/install/minecraft_odometry/local/lib/python3.10/dist-packages/minecraft_odometry-0.0.0-py3.10.egg-info/SOURCES.txt
[0.852s] -- Up-to-date: /workspace/minecraft_ros2/install/minecraft_odometry/local/lib/python3.10/dist-packages/minecraft_odometry
[0.852s] -- Installing: /workspace/minecraft_ros2/install/minecraft_odometry/local/lib/python3.10/dist-packages/minecraft_odometry/sensor_synchronizer.py
[0.852s] -- Up-to-date: /workspace/minecraft_ros2/install/minecraft_odometry/local/lib/python3.10/dist-packages/minecraft_odometry/odometry_converter.py
[0.852s] -- Up-to-date: /workspace/minecraft_ros2/install/minecraft_odometry/local/lib/python3.10/dist-packages/minecraft_odometry/__init__.py
[0.943s] Listing '/workspace/minecraft_ros2/install/minecraft_odometry/local/lib/python3.10/dist-packages/minecraft_odometry'...
[0.943s] Compiling '/workspace/minecraft_ros2/install/minecraft_odometry/local/lib/python3.10/dist-packages/minecraft_odometry/sensor_synchronizer.py'...
[0.948s] -- Up-to-date: /workspace/minecraft_ros2/install/minecraft_odometry/lib/minecraft_odometry/odometry_converter
[0.948s] -- Installing: /workspace/minecraft_ros2/install/minecraft_odometry/lib/minecraft_odometry/sensor_synchronizer
[0.949s] -- Up-to-date: /workspace/minecraft_ros2/install/minecraft_odometry/share/minecraft_odometry//launch
[0.949s] -- Up-to-date: /workspace/minecraft_ros2/install/minecraft_odometry/share/minecraft_odometry//launch/cartographer_slam.launch.py
[0.949s] -- Up-to-date: /workspace/minecraft_ros2/install/minecraft_odometry/share/minecraft_odometry//config
[0.949s] -- Up-to-date: /workspace/minecraft_ros2/install/minecraft_odometry/share/minecraft_odometry//config/odometry_params.yaml
[0.949s] -- Up-to-date: /workspace/minecraft_ros2/install/minecraft_odometry/share/minecraft_odometry//config/cartographer_3d.lua
[0.950s] -- Up-to-date: /workspace/minecraft_ros2/install/minecraft_odometry/share/ament_index/resource_index/package_run_dependencies/minecraft_odometry
[0.950s] -- Up-to-date: /workspace/minecraft_ros2/install/minecraft_odometry/share/ament_index/resource_index/parent_prefix_path/minecraft_odometry
[0.950s] -- Up-to-date: /workspace/minecraft_ros2/install/minecraft_odometry/share/minecraft_odometry/environment/ament_prefix_path.sh
[0.950s] -- Up-to-date: /workspace/minecraft_ros2/install/minecraft_odometry/share/minecraft_odometry/environment/ament_prefix_path.dsv
[0.950s] -- Up-to-date: /workspace/minecraft_ros2/install/minecraft_odometry/share/minecraft_odometry/environment/path.sh
[0.950s] -- Up-to-date: /workspace/minecraft_ros2/install/minecraft_odometry/share/minecraft_odometry/environment/path.dsv
[0.950s] -- Up-to-date: /workspace/minecraft_ros2/install/minecraft_odometry/share/minecraft_odometry/local_setup.bash
[0.950s] -- Up-to-date: /workspace/minecraft_ros2/install/minecraft_odometry/share/minecraft_odometry/local_setup.sh
[0.950s] -- Up-to-date: /workspace/minecraft_ros2/install/minecraft_odometry/share/minecraft_odometry/local_setup.zsh
[0.951s] -- Up-to-date: /workspace/minecraft_ros2/install/minecraft_odometry/share/minecraft_odometry/local_setup.dsv
[0.951s] -- Installing: /workspace/minecraft_ros2/install/minecraft_odometry/share/minecraft_odometry/package.dsv
[0.951s] -- Up-to-date: /workspace/minecraft_ros2/install/minecraft_odometry/share/ament_index/resource_index/packages/minecraft_odometry
[0.951s] -- Up-to-date: /workspace/minecraft_ros2/install/minecraft_odometry/share/minecraft_odometry/cmake/minecraft_odometryConfig.cmake
[0.951s] -- Up-to-date: /workspace/minecraft_ros2/install/minecraft_odometry/share/minecraft_odometry/cmake/minecraft_odometryConfig-version.cmake
[0.951s] -- Up-to-date: /workspace/minecraft_ros2/install/minecraft_odometry/share/minecraft_odometry/package.xml
[0.956s] Invoked command in '/workspace/minecraft_ros2/build/minecraft_odometry' returned '0': CMAKE_PREFIX_PATH=${CMAKE_PREFIX_PATH}:/workspace/ros2_java_ws/install/tf2_tools:/workspace/ros2_java_ws/install/examples_tf2_py:/workspace/ros2_java_ws/install/tf2_ros_py:/workspace/ros2_java_ws/install/sensor_msgs_py:/workspace/ros2_java_ws/install/ament_build_type_gradle:/opt/ros/humble /usr/bin/cmake --install /workspace/minecraft_ros2/build/minecraft_odometry
