[0.048s] Invoking command in '/workspace/minecraft_ros2/build/minecraft_odometry': CMAKE_PREFIX_PATH=${CMAKE_PREFIX_PATH}:/workspace/ros2_java_ws/install/tf2_tools:/workspace/ros2_java_ws/install/examples_tf2_py:/workspace/ros2_java_ws/install/tf2_ros_py:/workspace/ros2_java_ws/install/sensor_msgs_py:/workspace/ros2_java_ws/install/ament_build_type_gradle:/opt/ros/humble /usr/bin/cmake /workspace/minecraft_ros2/src/minecraft_odometry -DCMAKE_INSTALL_PREFIX=/workspace/minecraft_ros2/install/minecraft_odometry
[0.257s] -- The C compiler identification is GNU 11.4.0
[0.418s] -- The CXX compiler identification is GNU 11.4.0
[0.433s] -- Detecting C compiler ABI info
[0.634s] -- Detecting C compiler ABI info - done
[0.646s] -- Check for working C compiler: /usr/bin/cc - skipped
[0.648s] -- Detecting C compile features
[0.650s] -- Detecting C compile features - done
[0.656s] -- Detecting CXX compiler ABI info
[0.836s] -- Detecting CXX compiler ABI info - done
[0.845s] -- Check for working CXX compiler: /usr/bin/c++ - skipped
[0.845s] -- Detecting CXX compile features
[0.845s] -- Detecting CXX compile features - done
[0.862s] -- Found ament_cmake: 1.3.12 (/opt/ros/humble/share/ament_cmake/cmake)
[1.254s] -- Found Python3: /usr/bin/python3 (found version "3.10.12") found components: Interpreter 
[1.611s] -- Found rclpy: 3.3.17 (/opt/ros/humble/share/rclpy/cmake)
[1.813s] -- Found ament_lint_auto: 0.12.14 (/opt/ros/humble/share/ament_lint_auto/cmake)
[2.076s] -- Configuring done
[2.088s] -- Generating done
[2.088s] -- Build files have been written to: /workspace/minecraft_ros2/build/minecraft_odometry
[2.097s] Invoked command in '/workspace/minecraft_ros2/build/minecraft_odometry' returned '0': CMAKE_PREFIX_PATH=${CMAKE_PREFIX_PATH}:/workspace/ros2_java_ws/install/tf2_tools:/workspace/ros2_java_ws/install/examples_tf2_py:/workspace/ros2_java_ws/install/tf2_ros_py:/workspace/ros2_java_ws/install/sensor_msgs_py:/workspace/ros2_java_ws/install/ament_build_type_gradle:/opt/ros/humble /usr/bin/cmake /workspace/minecraft_ros2/src/minecraft_odometry -DCMAKE_INSTALL_PREFIX=/workspace/minecraft_ros2/install/minecraft_odometry
[2.097s] Invoking command in '/workspace/minecraft_ros2/build/minecraft_odometry': CMAKE_PREFIX_PATH=${CMAKE_PREFIX_PATH}:/workspace/ros2_java_ws/install/tf2_tools:/workspace/ros2_java_ws/install/examples_tf2_py:/workspace/ros2_java_ws/install/tf2_ros_py:/workspace/ros2_java_ws/install/sensor_msgs_py:/workspace/ros2_java_ws/install/ament_build_type_gradle:/opt/ros/humble /usr/bin/cmake --build /workspace/minecraft_ros2/build/minecraft_odometry -- -j12 -l12
[2.275s] Built target ament_cmake_python_copy_minecraft_odometry
[2.682s] running egg_info
[2.685s] creating minecraft_odometry.egg-info
[2.685s] writing minecraft_odometry.egg-info/PKG-INFO
[2.685s] writing dependency_links to minecraft_odometry.egg-info/dependency_links.txt
[2.685s] writing top-level names to minecraft_odometry.egg-info/top_level.txt
[2.686s] writing manifest file 'minecraft_odometry.egg-info/SOURCES.txt'
[2.686s] reading manifest file 'minecraft_odometry.egg-info/SOURCES.txt'
[2.686s] writing manifest file 'minecraft_odometry.egg-info/SOURCES.txt'
[2.746s] Built target ament_cmake_python_build_minecraft_odometry_egg
[2.776s] Invoked command in '/workspace/minecraft_ros2/build/minecraft_odometry' returned '0': CMAKE_PREFIX_PATH=${CMAKE_PREFIX_PATH}:/workspace/ros2_java_ws/install/tf2_tools:/workspace/ros2_java_ws/install/examples_tf2_py:/workspace/ros2_java_ws/install/tf2_ros_py:/workspace/ros2_java_ws/install/sensor_msgs_py:/workspace/ros2_java_ws/install/ament_build_type_gradle:/opt/ros/humble /usr/bin/cmake --build /workspace/minecraft_ros2/build/minecraft_odometry -- -j12 -l12
[2.818s] Invoking command in '/workspace/minecraft_ros2/build/minecraft_odometry': CMAKE_PREFIX_PATH=${CMAKE_PREFIX_PATH}:/workspace/ros2_java_ws/install/tf2_tools:/workspace/ros2_java_ws/install/examples_tf2_py:/workspace/ros2_java_ws/install/tf2_ros_py:/workspace/ros2_java_ws/install/sensor_msgs_py:/workspace/ros2_java_ws/install/ament_build_type_gradle:/opt/ros/humble /usr/bin/cmake --install /workspace/minecraft_ros2/build/minecraft_odometry
[2.837s] -- Install configuration: ""
[2.837s] -- Installing: /workspace/minecraft_ros2/install/minecraft_odometry/share/minecraft_odometry/environment/pythonpath.sh
[2.837s] -- Installing: /workspace/minecraft_ros2/install/minecraft_odometry/share/minecraft_odometry/environment/pythonpath.dsv
[2.837s] -- Installing: /workspace/minecraft_ros2/install/minecraft_odometry/local/lib/python3.10/dist-packages/minecraft_odometry-0.0.0-py3.10.egg-info
[2.838s] -- Installing: /workspace/minecraft_ros2/install/minecraft_odometry/local/lib/python3.10/dist-packages/minecraft_odometry-0.0.0-py3.10.egg-info/dependency_links.txt
[2.838s] -- Installing: /workspace/minecraft_ros2/install/minecraft_odometry/local/lib/python3.10/dist-packages/minecraft_odometry-0.0.0-py3.10.egg-info/PKG-INFO
[2.838s] -- Installing: /workspace/minecraft_ros2/install/minecraft_odometry/local/lib/python3.10/dist-packages/minecraft_odometry-0.0.0-py3.10.egg-info/top_level.txt
[2.838s] -- Installing: /workspace/minecraft_ros2/install/minecraft_odometry/local/lib/python3.10/dist-packages/minecraft_odometry-0.0.0-py3.10.egg-info/SOURCES.txt
[2.838s] -- Installing: /workspace/minecraft_ros2/install/minecraft_odometry/local/lib/python3.10/dist-packages/minecraft_odometry
[2.838s] -- Installing: /workspace/minecraft_ros2/install/minecraft_odometry/local/lib/python3.10/dist-packages/minecraft_odometry/sensor_synchronizer.py
[2.838s] -- Installing: /workspace/minecraft_ros2/install/minecraft_odometry/local/lib/python3.10/dist-packages/minecraft_odometry/odometry_converter.py
[2.838s] -- Installing: /workspace/minecraft_ros2/install/minecraft_odometry/local/lib/python3.10/dist-packages/minecraft_odometry/__init__.py
[2.839s] -- Installing: /workspace/minecraft_ros2/install/minecraft_odometry/local/lib/python3.10/dist-packages/minecraft_odometry/dummy_imu_publisher.py
[2.917s] Listing '/workspace/minecraft_ros2/install/minecraft_odometry/local/lib/python3.10/dist-packages/minecraft_odometry'...
[2.917s] Compiling '/workspace/minecraft_ros2/install/minecraft_odometry/local/lib/python3.10/dist-packages/minecraft_odometry/__init__.py'...
[2.918s] Compiling '/workspace/minecraft_ros2/install/minecraft_odometry/local/lib/python3.10/dist-packages/minecraft_odometry/dummy_imu_publisher.py'...
[2.918s] Compiling '/workspace/minecraft_ros2/install/minecraft_odometry/local/lib/python3.10/dist-packages/minecraft_odometry/odometry_converter.py'...
[2.918s] Compiling '/workspace/minecraft_ros2/install/minecraft_odometry/local/lib/python3.10/dist-packages/minecraft_odometry/sensor_synchronizer.py'...
[2.923s] -- Installing: /workspace/minecraft_ros2/install/minecraft_odometry/lib/minecraft_odometry/odometry_converter
[2.924s] CMake Error at cmake_install.cmake:74 (file):
[2.924s]   file INSTALL cannot find
[2.924s]   "/workspace/minecraft_ros2/src/minecraft_odometry/minecraft_odometry/pointcloud_republisher.py":
[2.924s]   No such file or directory.
[2.924s] 
[2.924s] 
[2.926s] Invoked command in '/workspace/minecraft_ros2/build/minecraft_odometry' returned '1': CMAKE_PREFIX_PATH=${CMAKE_PREFIX_PATH}:/workspace/ros2_java_ws/install/tf2_tools:/workspace/ros2_java_ws/install/examples_tf2_py:/workspace/ros2_java_ws/install/tf2_ros_py:/workspace/ros2_java_ws/install/sensor_msgs_py:/workspace/ros2_java_ws/install/ament_build_type_gradle:/opt/ros/humble /usr/bin/cmake --install /workspace/minecraft_ros2/build/minecraft_odometry
